build/app/intermediates/manifest_merge_blame_file/release/manifest-merger-blame-release-report.txt
1<?xml version="1.0" encoding="utf-8"?>
2<manifest xmlns:android="http://schemas.android.com/apk/res/android"
3    package="com.iqonic.petshop"
4    android:versionCode="3"
5    android:versionName="1.0.2" >
6
7    <uses-sdk
8        android:minSdkVersion="21"
8-->src\main\AndroidManifest.xml
9        android:targetSdkVersion="30" />
9-->src\main\AndroidManifest.xml
10
11    <uses-permission android:name="android.permission.ACCESS_NETWORK_STATE" />
11-->src\main\AndroidManifest.xml:4:5-79
11-->src\main\AndroidManifest.xml:4:22-76
12    <uses-permission android:name="android.permission.INTERNET" />
12-->src\main\AndroidManifest.xml:5:5-67
12-->src\main\AndroidManifest.xml:5:22-64
13
14    <!-- Create a unique permission for your app and use it so only your app can receive your OneSignal messages. -->
15    <permission
15-->[com.onesignal:OneSignal:4.8.2] AndroidManifest.xml:7:5-9:47
16        android:name="com.iqonic.petshop.permission.C2D_MESSAGE"
16-->[com.onesignal:OneSignal:4.8.2] AndroidManifest.xml:8:9-63
17        android:protectionLevel="signature" />
17-->[com.onesignal:OneSignal:4.8.2] AndroidManifest.xml:9:9-44
18
19    <uses-permission android:name="com.iqonic.petshop.permission.C2D_MESSAGE" /> <!-- OneSignal SDK has runtime checks Android version. -->
19-->[com.onesignal:OneSignal:4.8.2] AndroidManifest.xml:11:5-79
19-->[com.onesignal:OneSignal:4.8.2] AndroidManifest.xml:11:22-76
20    <!-- <uses-sdk tools:overrideLibrary="android.support.customtabs"/> -->
21    <!-- Required runtime permission to display notifications on Android 13 -->
22    <uses-permission android:name="android.permission.POST_NOTIFICATIONS" /> <!-- c2dm RECEIVE are basic requirements for push messages through Google's FCM -->
22-->[com.onesignal:OneSignal:4.8.2] AndroidManifest.xml:16:5-77
22-->[com.onesignal:OneSignal:4.8.2] AndroidManifest.xml:16:22-74
23    <uses-permission android:name="com.google.android.c2dm.permission.RECEIVE" /> <!-- Required, makes sure notifications are delivered on time. -->
23-->[com.onesignal:OneSignal:4.8.2] AndroidManifest.xml:18:5-82
23-->[com.onesignal:OneSignal:4.8.2] AndroidManifest.xml:18:22-79
24    <uses-permission android:name="android.permission.WAKE_LOCK" />
24-->[com.onesignal:OneSignal:4.8.2] AndroidManifest.xml:19:5-68
24-->[com.onesignal:OneSignal:4.8.2] AndroidManifest.xml:19:22-65
25    <!--
26 Required so the device vibrates on receiving a push notification.
27         Vibration settings of the device still apply.
28    -->
29    <uses-permission android:name="android.permission.VIBRATE" />
29-->[com.onesignal:OneSignal:4.8.2] AndroidManifest.xml:24:5-66
29-->[com.onesignal:OneSignal:4.8.2] AndroidManifest.xml:24:22-63
30    <!--
31 Use to restore notifications the user hasn't interacted with.
32         They could be missed notifications if the user reboots their device if this isn't in place.
33    -->
34    <uses-permission android:name="android.permission.RECEIVE_BOOT_COMPLETED" /> <!-- START: ShortcutBadger -->
34-->[com.onesignal:OneSignal:4.8.2] AndroidManifest.xml:30:5-81
34-->[com.onesignal:OneSignal:4.8.2] AndroidManifest.xml:30:22-78
35    <!-- Samsung -->
36    <uses-permission android:name="com.sec.android.provider.badge.permission.READ" />
36-->[com.onesignal:OneSignal:4.8.2] AndroidManifest.xml:32:5-86
36-->[com.onesignal:OneSignal:4.8.2] AndroidManifest.xml:32:22-83
37    <uses-permission android:name="com.sec.android.provider.badge.permission.WRITE" /> <!-- HTC -->
37-->[com.onesignal:OneSignal:4.8.2] AndroidManifest.xml:33:5-87
37-->[com.onesignal:OneSignal:4.8.2] AndroidManifest.xml:33:22-84
38    <uses-permission android:name="com.htc.launcher.permission.READ_SETTINGS" />
38-->[com.onesignal:OneSignal:4.8.2] AndroidManifest.xml:34:5-81
38-->[com.onesignal:OneSignal:4.8.2] AndroidManifest.xml:34:22-78
39    <uses-permission android:name="com.htc.launcher.permission.UPDATE_SHORTCUT" /> <!-- Sony -->
39-->[com.onesignal:OneSignal:4.8.2] AndroidManifest.xml:35:5-83
39-->[com.onesignal:OneSignal:4.8.2] AndroidManifest.xml:35:22-80
40    <uses-permission android:name="com.sonyericsson.home.permission.BROADCAST_BADGE" />
40-->[com.onesignal:OneSignal:4.8.2] AndroidManifest.xml:36:5-88
40-->[com.onesignal:OneSignal:4.8.2] AndroidManifest.xml:36:22-85
41    <uses-permission android:name="com.sonymobile.home.permission.PROVIDER_INSERT_BADGE" /> <!-- Apex -->
41-->[com.onesignal:OneSignal:4.8.2] AndroidManifest.xml:37:5-92
41-->[com.onesignal:OneSignal:4.8.2] AndroidManifest.xml:37:22-89
42    <uses-permission android:name="com.anddoes.launcher.permission.UPDATE_COUNT" /> <!-- Solid -->
42-->[com.onesignal:OneSignal:4.8.2] AndroidManifest.xml:38:5-84
42-->[com.onesignal:OneSignal:4.8.2] AndroidManifest.xml:38:22-81
43    <uses-permission android:name="com.majeur.launcher.permission.UPDATE_BADGE" /> <!-- Huawei -->
43-->[com.onesignal:OneSignal:4.8.2] AndroidManifest.xml:39:5-83
43-->[com.onesignal:OneSignal:4.8.2] AndroidManifest.xml:39:22-80
44    <uses-permission android:name="com.huawei.android.launcher.permission.CHANGE_BADGE" />
44-->[com.onesignal:OneSignal:4.8.2] AndroidManifest.xml:40:5-91
44-->[com.onesignal:OneSignal:4.8.2] AndroidManifest.xml:40:22-88
45    <uses-permission android:name="com.huawei.android.launcher.permission.READ_SETTINGS" />
45-->[com.onesignal:OneSignal:4.8.2] AndroidManifest.xml:41:5-92
45-->[com.onesignal:OneSignal:4.8.2] AndroidManifest.xml:41:22-89
46    <uses-permission android:name="com.huawei.android.launcher.permission.WRITE_SETTINGS" /> <!-- ZUK -->
46-->[com.onesignal:OneSignal:4.8.2] AndroidManifest.xml:42:5-93
46-->[com.onesignal:OneSignal:4.8.2] AndroidManifest.xml:42:22-90
47    <uses-permission android:name="android.permission.READ_APP_BADGE" /> <!-- OPPO -->
47-->[com.onesignal:OneSignal:4.8.2] AndroidManifest.xml:43:5-73
47-->[com.onesignal:OneSignal:4.8.2] AndroidManifest.xml:43:22-70
48    <uses-permission android:name="com.oppo.launcher.permission.READ_SETTINGS" />
48-->[com.onesignal:OneSignal:4.8.2] AndroidManifest.xml:44:5-82
48-->[com.onesignal:OneSignal:4.8.2] AndroidManifest.xml:44:22-79
49    <uses-permission android:name="com.oppo.launcher.permission.WRITE_SETTINGS" /> <!-- EvMe -->
49-->[com.onesignal:OneSignal:4.8.2] AndroidManifest.xml:45:5-83
49-->[com.onesignal:OneSignal:4.8.2] AndroidManifest.xml:45:22-80
50    <uses-permission android:name="me.everything.badger.permission.BADGE_COUNT_READ" />
50-->[com.onesignal:OneSignal:4.8.2] AndroidManifest.xml:46:5-88
50-->[com.onesignal:OneSignal:4.8.2] AndroidManifest.xml:46:22-85
51    <uses-permission android:name="me.everything.badger.permission.BADGE_COUNT_WRITE" />
51-->[com.onesignal:OneSignal:4.8.2] AndroidManifest.xml:47:5-89
51-->[com.onesignal:OneSignal:4.8.2] AndroidManifest.xml:47:22-86
52
53    <queries>
53-->[com.razorpay:checkout:1.6.26] AndroidManifest.xml:11:5-37:15
54        <intent>
54-->[com.razorpay:checkout:1.6.26] AndroidManifest.xml:12:9-18:18
55            <action android:name="android.intent.action.VIEW" />
55-->[com.onesignal:OneSignal:4.8.2] AndroidManifest.xml:77:17-69
55-->[com.onesignal:OneSignal:4.8.2] AndroidManifest.xml:77:25-66
56
57            <data
57-->[com.razorpay:checkout:1.6.26] AndroidManifest.xml:15:13-17:38
58                android:mimeType="*/*"
58-->[com.razorpay:checkout:1.6.26] AndroidManifest.xml:16:17-39
59                android:scheme="*" />
59-->[com.razorpay:checkout:1.6.26] AndroidManifest.xml:17:17-35
60        </intent>
61        <intent>
61-->[com.razorpay:checkout:1.6.26] AndroidManifest.xml:19:9-28:18
62            <action android:name="android.intent.action.VIEW" />
62-->[com.onesignal:OneSignal:4.8.2] AndroidManifest.xml:77:17-69
62-->[com.onesignal:OneSignal:4.8.2] AndroidManifest.xml:77:25-66
63
64            <category android:name="android.intent.category.BROWSABLE" />
64-->[com.razorpay:checkout:1.6.26] AndroidManifest.xml:22:13-74
64-->[com.razorpay:checkout:1.6.26] AndroidManifest.xml:22:23-71
65
66            <data
66-->[com.razorpay:checkout:1.6.26] AndroidManifest.xml:15:13-17:38
67                android:host="pay"
68                android:mimeType="*/*"
68-->[com.razorpay:checkout:1.6.26] AndroidManifest.xml:16:17-39
69                android:scheme="upi" />
69-->[com.razorpay:checkout:1.6.26] AndroidManifest.xml:17:17-35
70        </intent>
71        <intent>
71-->[com.razorpay:checkout:1.6.26] AndroidManifest.xml:29:9-31:18
72            <action android:name="android.intent.action.MAIN" />
72-->src\main\AndroidManifest.xml:25:17-69
72-->src\main\AndroidManifest.xml:25:25-66
73        </intent>
74        <intent>
74-->[com.razorpay:checkout:1.6.26] AndroidManifest.xml:32:9-36:18
75            <action android:name="android.intent.action.SEND" />
75-->[com.razorpay:checkout:1.6.26] AndroidManifest.xml:33:13-65
75-->[com.razorpay:checkout:1.6.26] AndroidManifest.xml:33:21-62
76
77            <data android:mimeType="*/*" />
77-->[com.razorpay:checkout:1.6.26] AndroidManifest.xml:15:13-17:38
77-->[com.razorpay:checkout:1.6.26] AndroidManifest.xml:16:17-39
78        </intent>
79    </queries>
80
81    <uses-feature
81-->[com.google.android.gms:play-services-maps:17.0.0] AndroidManifest.xml:26:5-28:35
82        android:glEsVersion="0x00020000"
82-->[com.google.android.gms:play-services-maps:17.0.0] AndroidManifest.xml:27:9-41
83        android:required="true" />
83-->[com.google.android.gms:play-services-maps:17.0.0] AndroidManifest.xml:28:9-32
84
85    <uses-permission android:name="com.google.android.finsky.permission.BIND_GET_INSTALL_REFERRER_SERVICE" />
85-->[com.google.android.gms:play-services-measurement:19.0.2] AndroidManifest.xml:26:5-110
85-->[com.google.android.gms:play-services-measurement:19.0.2] AndroidManifest.xml:26:22-107
86    <uses-permission android:name="android.permission.FOREGROUND_SERVICE" />
86-->[androidx.work:work-runtime:2.7.1] AndroidManifest.xml:28:5-77
86-->[androidx.work:work-runtime:2.7.1] AndroidManifest.xml:28:22-74
87
88    <application
88-->src\main\AndroidManifest.xml:7:5-45:19
89        android:allowBackup="true"
89-->src\main\AndroidManifest.xml:10:9-35
90        android:appComponentFactory="androidx.core.app.CoreComponentFactory"
90-->[androidx.core:core:1.8.0] AndroidManifest.xml:24:18-86
91        android:fullBackupContent="true"
91-->src\main\AndroidManifest.xml:8:9-41
92        android:fullBackupOnly="true"
92-->src\main\AndroidManifest.xml:9:9-38
93        android:icon="@mipmap/ic_launcher"
93-->src\main\AndroidManifest.xml:11:9-43
94        android:label="Pet Shop" >
94-->src\main\AndroidManifest.xml:12:9-33
95        <activity
95-->src\main\AndroidManifest.xml:13:9-39:20
96            android:name="com.example.pet_shop_flutter.MainActivity"
96-->src\main\AndroidManifest.xml:14:13-41
97            android:configChanges="orientation|keyboardHidden|keyboard|screenSize|smallestScreenSize|locale|layoutDirection|fontScale|screenLayout|density|uiMode"
97-->src\main\AndroidManifest.xml:15:13-163
98            android:hardwareAccelerated="true"
98-->src\main\AndroidManifest.xml:16:13-47
99            android:launchMode="singleTop"
99-->src\main\AndroidManifest.xml:17:13-43
100            android:theme="@style/LaunchTheme"
100-->src\main\AndroidManifest.xml:18:13-47
101            android:windowSoftInputMode="adjustResize" >
101-->src\main\AndroidManifest.xml:19:13-55
102
103            <!--
104                 Specifies an Android theme to apply to this Activity as soon as
105                 the Android process has started. This theme is visible to the user
106                 while the Flutter UI initializes. After that, this theme continues
107                 to determine the Window background behind the Flutter UI.
108            -->
109            <intent-filter>
109-->src\main\AndroidManifest.xml:24:13-27:29
110                <action android:name="android.intent.action.MAIN" />
110-->src\main\AndroidManifest.xml:25:17-69
110-->src\main\AndroidManifest.xml:25:25-66
111
112                <category android:name="android.intent.category.LAUNCHER" />
112-->src\main\AndroidManifest.xml:26:17-77
112-->src\main\AndroidManifest.xml:26:27-74
113            </intent-filter>
114            <!--
115                 Displays an Android View that continues showing the launch screen
116                 Drawable until Flutter paints its first frame, then this splash
117                 screen fades out. A splash screen is useful to avoid any visual
118                 gap between the end of Android's launch screen and the painting of
119                 Flutter's first frame.
120            -->
121            <meta-data
121-->src\main\AndroidManifest.xml:33:13-35:66
122                android:name="io.flutter.embedding.android.SplashScreenDrawable"
122-->src\main\AndroidManifest.xml:34:17-81
123                android:resource="@drawable/launch_background" />
123-->src\main\AndroidManifest.xml:35:17-63
124            <meta-data
124-->src\main\AndroidManifest.xml:36:13-38:57
125                android:name="io.flutter.embedding.android.NormalTheme"
125-->src\main\AndroidManifest.xml:37:17-72
126                android:resource="@style/NormalTheme" />
126-->src\main\AndroidManifest.xml:38:17-54
127        </activity>
128        <!--
129             Don't delete the meta-data below.
130             This is used by the Flutter tool to generate GeneratedPluginRegistrant.java
131        -->
132        <meta-data
132-->src\main\AndroidManifest.xml:42:9-44:33
133            android:name="flutterEmbedding"
133-->src\main\AndroidManifest.xml:43:13-44
134            android:value="2" />
134-->src\main\AndroidManifest.xml:44:13-30
135
136        <activity
136-->[:flutter_paystack] AndroidManifest.xml:10:9-12:54
137            android:name="co.paystack.flutterpaystack.AuthActivity"
137-->[:flutter_paystack] AndroidManifest.xml:11:13-68
138            android:theme="@style/Paystack.Dialog" />
138-->[:flutter_paystack] AndroidManifest.xml:12:13-51
139
140        <provider
140-->[:image_picker_android] AndroidManifest.xml:10:9-18:20
141            android:name="io.flutter.plugins.imagepicker.ImagePickerFileProvider"
141-->[:image_picker_android] AndroidManifest.xml:11:13-82
142            android:authorities="com.iqonic.petshop.flutter.image_provider"
142-->[:image_picker_android] AndroidManifest.xml:12:13-74
143            android:exported="false"
143-->[:image_picker_android] AndroidManifest.xml:13:13-37
144            android:grantUriPermissions="true" >
144-->[:image_picker_android] AndroidManifest.xml:14:13-47
145            <meta-data
145-->[:image_picker_android] AndroidManifest.xml:15:13-17:75
146                android:name="android.support.FILE_PROVIDER_PATHS"
146-->[:image_picker_android] AndroidManifest.xml:16:17-67
147                android:resource="@xml/flutter_image_picker_file_paths" />
147-->[:image_picker_android] AndroidManifest.xml:17:17-72
148        </provider>
149
150        <activity
150-->[:url_launcher_android] AndroidManifest.xml:10:9-13:74
151            android:name="io.flutter.plugins.urllauncher.WebViewActivity"
151-->[:url_launcher_android] AndroidManifest.xml:11:13-74
152            android:exported="false"
152-->[:url_launcher_android] AndroidManifest.xml:12:13-37
153            android:theme="@android:style/Theme.NoTitleBar.Fullscreen" />
153-->[:url_launcher_android] AndroidManifest.xml:13:13-71
154
155        <provider
155-->[:share_plus] AndroidManifest.xml:10:9-18:20
156            android:name="dev.fluttercommunity.plus.share.ShareFileProvider"
156-->[:share_plus] AndroidManifest.xml:11:13-77
157            android:authorities="com.iqonic.petshop.flutter.share_provider"
157-->[:share_plus] AndroidManifest.xml:12:13-74
158            android:exported="false"
158-->[:share_plus] AndroidManifest.xml:13:13-37
159            android:grantUriPermissions="true" >
159-->[:share_plus] AndroidManifest.xml:14:13-47
160            <meta-data
160-->[:image_picker_android] AndroidManifest.xml:15:13-17:75
161                android:name="android.support.FILE_PROVIDER_PATHS"
161-->[:image_picker_android] AndroidManifest.xml:16:17-67
162                android:resource="@xml/flutter_share_file_paths" />
162-->[:image_picker_android] AndroidManifest.xml:17:17-72
163        </provider>
164
165        <service
165-->[com.google.firebase:firebase-analytics-ktx:19.0.2] AndroidManifest.xml:8:9-14:19
166            android:name="com.google.firebase.components.ComponentDiscoveryService"
166-->[com.google.firebase:firebase-analytics-ktx:19.0.2] AndroidManifest.xml:9:13-84
167            android:directBootAware="true"
167-->[com.google.firebase:firebase-common:20.0.0] AndroidManifest.xml:35:13-43
168            android:exported="false" >
168-->[com.google.firebase:firebase-analytics-ktx:19.0.2] AndroidManifest.xml:10:13-37
169            <meta-data
169-->[com.google.firebase:firebase-analytics-ktx:19.0.2] AndroidManifest.xml:11:13-13:85
170                android:name="com.google.firebase.components:com.google.firebase.analytics.ktx.FirebaseAnalyticsKtxRegistrar"
170-->[com.google.firebase:firebase-analytics-ktx:19.0.2] AndroidManifest.xml:12:17-126
171                android:value="com.google.firebase.components.ComponentRegistrar" />
171-->[com.google.firebase:firebase-analytics-ktx:19.0.2] AndroidManifest.xml:13:17-82
172            <meta-data
172-->[com.google.firebase:firebase-common-ktx:20.0.0] AndroidManifest.xml:15:13-17:85
173                android:name="com.google.firebase.components:com.google.firebase.ktx.FirebaseCommonKtxRegistrar"
173-->[com.google.firebase:firebase-common-ktx:20.0.0] AndroidManifest.xml:16:17-113
174                android:value="com.google.firebase.components.ComponentRegistrar" />
174-->[com.google.firebase:firebase-common-ktx:20.0.0] AndroidManifest.xml:17:17-82
175            <meta-data
175-->[com.google.firebase:firebase-messaging:22.0.0] AndroidManifest.xml:52:13-54:85
176                android:name="com.google.firebase.components:com.google.firebase.messaging.FirebaseMessagingRegistrar"
176-->[com.google.firebase:firebase-messaging:22.0.0] AndroidManifest.xml:53:17-119
177                android:value="com.google.firebase.components.ComponentRegistrar" />
177-->[com.google.firebase:firebase-messaging:22.0.0] AndroidManifest.xml:54:17-82
178            <meta-data
178-->[com.google.android.gms:play-services-measurement-api:19.0.2] AndroidManifest.xml:30:13-32:85
179                android:name="com.google.firebase.components:com.google.firebase.analytics.connector.internal.AnalyticsConnectorRegistrar"
179-->[com.google.android.gms:play-services-measurement-api:19.0.2] AndroidManifest.xml:31:17-139
180                android:value="com.google.firebase.components.ComponentRegistrar" />
180-->[com.google.android.gms:play-services-measurement-api:19.0.2] AndroidManifest.xml:32:17-82
181            <meta-data
181-->[com.google.firebase:firebase-datatransport:18.0.0] AndroidManifest.xml:28:13-30:85
182                android:name="com.google.firebase.components:com.google.firebase.datatransport.TransportRegistrar"
182-->[com.google.firebase:firebase-datatransport:18.0.0] AndroidManifest.xml:29:17-115
183                android:value="com.google.firebase.components.ComponentRegistrar" />
183-->[com.google.firebase:firebase-datatransport:18.0.0] AndroidManifest.xml:30:17-82
184            <meta-data
184-->[com.google.firebase:firebase-installations:17.0.0] AndroidManifest.xml:18:13-20:85
185                android:name="com.google.firebase.components:com.google.firebase.installations.FirebaseInstallationsRegistrar"
185-->[com.google.firebase:firebase-installations:17.0.0] AndroidManifest.xml:19:17-127
186                android:value="com.google.firebase.components.ComponentRegistrar" />
186-->[com.google.firebase:firebase-installations:17.0.0] AndroidManifest.xml:20:17-82
187        </service>
188
189        <uses-library
189-->[androidx.window:window:1.0.0-beta04] AndroidManifest.xml:25:9-27:40
190            android:name="androidx.window.extensions"
190-->[androidx.window:window:1.0.0-beta04] AndroidManifest.xml:26:13-54
191            android:required="false" />
191-->[androidx.window:window:1.0.0-beta04] AndroidManifest.xml:27:13-37
192        <uses-library
192-->[androidx.window:window:1.0.0-beta04] AndroidManifest.xml:28:9-30:40
193            android:name="androidx.window.sidecar"
193-->[androidx.window:window:1.0.0-beta04] AndroidManifest.xml:29:13-51
194            android:required="false" />
194-->[androidx.window:window:1.0.0-beta04] AndroidManifest.xml:30:13-37
195
196        <receiver
196-->[com.onesignal:OneSignal:4.8.2] AndroidManifest.xml:50:9-61:20
197            android:name="com.onesignal.FCMBroadcastReceiver"
197-->[com.onesignal:OneSignal:4.8.2] AndroidManifest.xml:51:13-62
198            android:exported="true"
198-->[com.onesignal:OneSignal:4.8.2] AndroidManifest.xml:52:13-36
199            android:permission="com.google.android.c2dm.permission.SEND" >
199-->[com.onesignal:OneSignal:4.8.2] AndroidManifest.xml:53:13-73
200
201            <!-- High priority so OneSignal payloads can be filtered from other FCM receivers -->
202            <intent-filter android:priority="999" >
202-->[com.onesignal:OneSignal:4.8.2] AndroidManifest.xml:56:13-60:29
202-->[com.onesignal:OneSignal:4.8.2] AndroidManifest.xml:56:28-50
203                <action android:name="com.google.android.c2dm.intent.RECEIVE" />
203-->[com.onesignal:OneSignal:4.8.2] AndroidManifest.xml:57:17-81
203-->[com.onesignal:OneSignal:4.8.2] AndroidManifest.xml:57:25-78
204
205                <category android:name="com.iqonic.petshop" />
205-->[com.onesignal:OneSignal:4.8.2] AndroidManifest.xml:59:17-61
205-->[com.onesignal:OneSignal:4.8.2] AndroidManifest.xml:59:27-58
206            </intent-filter>
207        </receiver>
208
209        <service
209-->[com.onesignal:OneSignal:4.8.2] AndroidManifest.xml:63:9-69:19
210            android:name="com.onesignal.HmsMessageServiceOneSignal"
210-->[com.onesignal:OneSignal:4.8.2] AndroidManifest.xml:64:13-68
211            android:exported="false" >
211-->[com.onesignal:OneSignal:4.8.2] AndroidManifest.xml:65:13-37
212            <intent-filter>
212-->[com.onesignal:OneSignal:4.8.2] AndroidManifest.xml:66:13-68:29
213                <action android:name="com.huawei.push.action.MESSAGING_EVENT" />
213-->[com.onesignal:OneSignal:4.8.2] AndroidManifest.xml:67:17-81
213-->[com.onesignal:OneSignal:4.8.2] AndroidManifest.xml:67:25-78
214            </intent-filter>
215        </service>
216
217        <activity
217-->[com.onesignal:OneSignal:4.8.2] AndroidManifest.xml:71:9-79:20
218            android:name="com.onesignal.NotificationOpenedActivityHMS"
218-->[com.onesignal:OneSignal:4.8.2] AndroidManifest.xml:72:13-71
219            android:exported="true"
219-->[com.onesignal:OneSignal:4.8.2] AndroidManifest.xml:73:13-36
220            android:noHistory="true"
220-->[com.onesignal:OneSignal:4.8.2] AndroidManifest.xml:74:13-37
221            android:theme="@android:style/Theme.Translucent.NoTitleBar" >
221-->[com.onesignal:OneSignal:4.8.2] AndroidManifest.xml:75:13-72
222            <intent-filter>
222-->[com.onesignal:OneSignal:4.8.2] AndroidManifest.xml:76:13-78:29
223                <action android:name="android.intent.action.VIEW" />
223-->[com.onesignal:OneSignal:4.8.2] AndroidManifest.xml:77:17-69
223-->[com.onesignal:OneSignal:4.8.2] AndroidManifest.xml:77:25-66
224            </intent-filter>
225        </activity>
226
227        <service
227-->[com.onesignal:OneSignal:4.8.2] AndroidManifest.xml:81:9-83:40
228            android:name="com.onesignal.FCMIntentService"
228-->[com.onesignal:OneSignal:4.8.2] AndroidManifest.xml:82:13-58
229            android:exported="false" />
229-->[com.onesignal:OneSignal:4.8.2] AndroidManifest.xml:83:13-37
230        <service
230-->[com.onesignal:OneSignal:4.8.2] AndroidManifest.xml:84:9-87:72
231            android:name="com.onesignal.FCMIntentJobService"
231-->[com.onesignal:OneSignal:4.8.2] AndroidManifest.xml:85:13-61
232            android:exported="false"
232-->[com.onesignal:OneSignal:4.8.2] AndroidManifest.xml:86:13-37
233            android:permission="android.permission.BIND_JOB_SERVICE" />
233-->[com.onesignal:OneSignal:4.8.2] AndroidManifest.xml:87:13-69
234        <service
234-->[com.onesignal:OneSignal:4.8.2] AndroidManifest.xml:88:9-91:43
235            android:name="com.onesignal.SyncService"
235-->[com.onesignal:OneSignal:4.8.2] AndroidManifest.xml:89:13-53
236            android:exported="false"
236-->[com.onesignal:OneSignal:4.8.2] AndroidManifest.xml:90:13-37
237            android:stopWithTask="true" />
237-->[com.onesignal:OneSignal:4.8.2] AndroidManifest.xml:91:13-40
238        <service
238-->[com.onesignal:OneSignal:4.8.2] AndroidManifest.xml:92:9-95:72
239            android:name="com.onesignal.SyncJobService"
239-->[com.onesignal:OneSignal:4.8.2] AndroidManifest.xml:93:13-56
240            android:exported="false"
240-->[com.onesignal:OneSignal:4.8.2] AndroidManifest.xml:94:13-37
241            android:permission="android.permission.BIND_JOB_SERVICE" />
241-->[com.onesignal:OneSignal:4.8.2] AndroidManifest.xml:95:13-69
242
243        <activity
243-->[com.onesignal:OneSignal:4.8.2] AndroidManifest.xml:97:9-100:75
244            android:name="com.onesignal.PermissionsActivity"
244-->[com.onesignal:OneSignal:4.8.2] AndroidManifest.xml:98:13-61
245            android:exported="false"
245-->[com.onesignal:OneSignal:4.8.2] AndroidManifest.xml:99:13-37
246            android:theme="@android:style/Theme.Translucent.NoTitleBar" />
246-->[com.onesignal:OneSignal:4.8.2] AndroidManifest.xml:100:13-72
247
248        <receiver
248-->[com.onesignal:OneSignal:4.8.2] AndroidManifest.xml:102:9-104:39
249            android:name="com.onesignal.NotificationDismissReceiver"
249-->[com.onesignal:OneSignal:4.8.2] AndroidManifest.xml:103:13-69
250            android:exported="true" />
250-->[com.onesignal:OneSignal:4.8.2] AndroidManifest.xml:104:13-36
251        <receiver
251-->[com.onesignal:OneSignal:4.8.2] AndroidManifest.xml:105:9-112:20
252            android:name="com.onesignal.BootUpReceiver"
252-->[com.onesignal:OneSignal:4.8.2] AndroidManifest.xml:106:13-56
253            android:exported="true" >
253-->[com.onesignal:OneSignal:4.8.2] AndroidManifest.xml:107:13-36
254            <intent-filter>
254-->[com.onesignal:OneSignal:4.8.2] AndroidManifest.xml:108:13-111:29
255                <action android:name="android.intent.action.BOOT_COMPLETED" />
255-->[com.onesignal:OneSignal:4.8.2] AndroidManifest.xml:109:17-79
255-->[com.onesignal:OneSignal:4.8.2] AndroidManifest.xml:109:25-76
256                <action android:name="android.intent.action.QUICKBOOT_POWERON" />
256-->[com.onesignal:OneSignal:4.8.2] AndroidManifest.xml:110:17-82
256-->[com.onesignal:OneSignal:4.8.2] AndroidManifest.xml:110:25-79
257            </intent-filter>
258        </receiver>
259        <receiver
259-->[com.onesignal:OneSignal:4.8.2] AndroidManifest.xml:113:9-119:20
260            android:name="com.onesignal.UpgradeReceiver"
260-->[com.onesignal:OneSignal:4.8.2] AndroidManifest.xml:114:13-57
261            android:exported="true" >
261-->[com.onesignal:OneSignal:4.8.2] AndroidManifest.xml:115:13-36
262            <intent-filter>
262-->[com.onesignal:OneSignal:4.8.2] AndroidManifest.xml:116:13-118:29
263                <action android:name="android.intent.action.MY_PACKAGE_REPLACED" />
263-->[com.onesignal:OneSignal:4.8.2] AndroidManifest.xml:117:17-84
263-->[com.onesignal:OneSignal:4.8.2] AndroidManifest.xml:117:25-81
264            </intent-filter>
265        </receiver>
266
267        <activity
267-->[com.onesignal:OneSignal:4.8.2] AndroidManifest.xml:121:9-127:75
268            android:name="com.onesignal.NotificationOpenedReceiver"
268-->[com.onesignal:OneSignal:4.8.2] AndroidManifest.xml:122:13-68
269            android:excludeFromRecents="true"
269-->[com.onesignal:OneSignal:4.8.2] AndroidManifest.xml:123:13-46
270            android:exported="true"
270-->[com.onesignal:OneSignal:4.8.2] AndroidManifest.xml:124:13-36
271            android:noHistory="true"
271-->[com.onesignal:OneSignal:4.8.2] AndroidManifest.xml:125:13-37
272            android:taskAffinity=""
272-->[com.onesignal:OneSignal:4.8.2] AndroidManifest.xml:126:13-36
273            android:theme="@android:style/Theme.Translucent.NoTitleBar" />
273-->[com.onesignal:OneSignal:4.8.2] AndroidManifest.xml:127:13-72
274        <activity
274-->[com.onesignal:OneSignal:4.8.2] AndroidManifest.xml:128:9-133:75
275            android:name="com.onesignal.NotificationOpenedReceiverAndroid22AndOlder"
275-->[com.onesignal:OneSignal:4.8.2] AndroidManifest.xml:129:13-85
276            android:excludeFromRecents="true"
276-->[com.onesignal:OneSignal:4.8.2] AndroidManifest.xml:130:13-46
277            android:exported="true"
277-->[com.onesignal:OneSignal:4.8.2] AndroidManifest.xml:131:13-36
278            android:noHistory="true"
278-->[com.onesignal:OneSignal:4.8.2] AndroidManifest.xml:132:13-37
279            android:theme="@android:style/Theme.Translucent.NoTitleBar" />
279-->[com.onesignal:OneSignal:4.8.2] AndroidManifest.xml:133:13-72
280
281        <receiver
281-->[com.razorpay:checkout:1.6.26] AndroidManifest.xml:40:9-46:20
282            android:name="com.razorpay.RzpTokenReceiver"
282-->[com.razorpay:checkout:1.6.26] AndroidManifest.xml:41:13-57
283            android:exported="false" >
283-->[com.razorpay:checkout:1.6.26] AndroidManifest.xml:42:13-37
284            <intent-filter>
284-->[com.razorpay:checkout:1.6.26] AndroidManifest.xml:43:13-45:29
285                <action android:name="rzp.device_token.share" />
285-->[com.razorpay:checkout:1.6.26] AndroidManifest.xml:44:17-65
285-->[com.razorpay:checkout:1.6.26] AndroidManifest.xml:44:25-62
286            </intent-filter>
287        </receiver>
288
289        <activity
289-->[com.razorpay:checkout:1.6.26] AndroidManifest.xml:48:9-60:20
290            android:name="com.razorpay.CheckoutActivity"